2024-03-18 09:52:11,784 - INFO - Start polling
2024-03-18 09:52:11,947 - INFO - Run polling for bot @username_2_id_bot id=7027029742 - 'Get user ID'
2024-03-18 10:08:02,746 - INFO - Start polling
2024-03-18 10:08:02,909 - INFO - Run polling for bot @username_2_id_bot id=7027029742 - 'Get user ID'
2024-03-18 10:08:32,605 - INFO - Update id=570774492 is not handled. Duration 0 ms by bot id=7027029742
2024-03-18 10:08:41,753 - INFO - Polling stopped
2024-03-18 10:08:41,764 - INFO - Polling stopped for bot @username_2_id_bot id=7027029742 - 'Get user ID'
2024-03-18 10:08:44,993 - INFO - Start polling
2024-03-18 10:08:45,117 - INFO - Run polling for bot @username_2_id_bot id=7027029742 - 'Get user ID'
2024-03-18 10:08:56,009 - INFO - Update id=570774493 is not handled. Duration 0 ms by bot id=7027029742
2024-03-18 10:08:56,968 - INFO - Update id=570774494 is not handled. Duration 0 ms by bot id=7027029742
2024-03-18 10:09:46,860 - INFO - Polling stopped
2024-03-18 10:09:46,862 - INFO - Polling stopped for bot @username_2_id_bot id=7027029742 - 'Get user ID'
2024-03-18 10:09:49,996 - INFO - Start polling
2024-03-18 10:09:50,122 - INFO - Run polling for bot @username_2_id_bot id=7027029742 - 'Get user ID'
2024-03-18 10:10:04,540 - INFO - Polling stopped for bot @username_2_id_bot id=7027029742 - 'Get user ID'
2024-03-18 10:10:04,540 - INFO - Polling stopped
2024-03-18 10:10:07,832 - INFO - Start polling
2024-03-18 10:10:07,956 - INFO - Run polling for bot @username_2_id_bot id=7027029742 - 'Get user ID'
2024-03-18 10:10:09,075 - INFO - Update id=570774495 is not handled. Duration 0 ms by bot id=7027029742
2024-03-18 10:10:09,947 - INFO - Update id=570774496 is not handled. Duration 0 ms by bot id=7027029742
2024-03-18 10:10:10,080 - INFO - Update id=570774497 is not handled. Duration 0 ms by bot id=7027029742
2024-03-18 10:10:37,385 - INFO - Polling stopped for bot @username_2_id_bot id=7027029742 - 'Get user ID'
2024-03-18 10:10:37,385 - INFO - Polling stopped
2024-03-18 10:10:40,218 - INFO - Start polling
2024-03-18 10:10:40,338 - INFO - Run polling for bot @username_2_id_bot id=7027029742 - 'Get user ID'
2024-03-18 10:11:00,513 - INFO - Polling stopped for bot @username_2_id_bot id=7027029742 - 'Get user ID'
2024-03-18 10:11:00,514 - INFO - Polling stopped
2024-03-18 10:11:03,377 - INFO - Start polling
2024-03-18 10:11:03,493 - INFO - Run polling for bot @username_2_id_bot id=7027029742 - 'Get user ID'
2024-03-18 10:11:08,512 - INFO - Polling stopped for bot @username_2_id_bot id=7027029742 - 'Get user ID'
2024-03-18 10:11:08,512 - INFO - Polling stopped
2024-03-18 10:11:27,199 - INFO - Start polling
2024-03-18 10:11:27,330 - INFO - Run polling for bot @username_2_id_bot id=7027029742 - 'Get user ID'
2024-03-18 10:11:31,637 - INFO - Update id=570774498 is not handled. Duration 0 ms by bot id=7027029742
2024-03-18 12:16:20,459 - INFO - Start polling
2024-03-18 12:16:20,618 - INFO - Run polling for bot @username_2_id_bot id=7027029742 - 'Get user ID'
2024-03-18 12:17:10,014 - INFO - Update id=570774499 is not handled. Duration 0 ms by bot id=7027029742
2024-03-18 12:17:17,048 - INFO - Update id=570774500 is not handled. Duration 0 ms by bot id=7027029742
2024-03-18 12:17:30,260 - INFO - Polling stopped for bot @username_2_id_bot id=7027029742 - 'Get user ID'
2024-03-18 12:17:30,260 - INFO - Polling stopped
2024-03-18 12:17:33,209 - INFO - Start polling
2024-03-18 12:17:33,337 - INFO - Run polling for bot @username_2_id_bot id=7027029742 - 'Get user ID'
2024-03-18 12:17:35,769 - INFO - Update id=570774501 is handled. Duration 156 ms by bot id=7027029742
2024-03-18 12:17:37,228 - INFO - Update id=570774502 is not handled. Duration 0 ms by bot id=7027029742
2024-03-18 12:18:22,245 - INFO - Start polling
2024-03-18 12:18:22,360 - INFO - Run polling for bot @username_2_id_bot id=7027029742 - 'Get user ID'
2024-03-18 12:18:26,044 - INFO - Update id=570774503 is not handled. Duration 0 ms by bot id=7027029742
2024-03-18 12:18:27,038 - INFO - Update id=570774504 is not handled. Duration 0 ms by bot id=7027029742
2024-03-18 12:18:40,851 - INFO - Polling stopped
2024-03-18 12:18:40,851 - INFO - Polling stopped for bot @username_2_id_bot id=7027029742 - 'Get user ID'
2024-03-18 12:18:43,695 - INFO - Start polling
2024-03-18 12:18:43,816 - INFO - Run polling for bot @username_2_id_bot id=7027029742 - 'Get user ID'
2024-03-18 12:18:48,860 - INFO - Update id=570774505 is not handled. Duration 0 ms by bot id=7027029742
2024-03-18 12:20:52,269 - INFO - Start polling
2024-03-18 12:20:52,390 - INFO - Run polling for bot @username_2_id_bot id=7027029742 - 'Get user ID'
2024-03-18 12:20:55,972 - INFO - Update id=570774506 is not handled. Duration 0 ms by bot id=7027029742
2024-03-18 12:20:57,084 - INFO - Update id=570774507 is not handled. Duration 0 ms by bot id=7027029742
2024-03-18 12:21:13,765 - INFO - Polling stopped
2024-03-18 12:21:13,765 - INFO - Polling stopped for bot @username_2_id_bot id=7027029742 - 'Get user ID'
2024-03-18 12:21:17,760 - INFO - Start polling
2024-03-18 12:21:17,880 - INFO - Run polling for bot @username_2_id_bot id=7027029742 - 'Get user ID'
2024-03-18 12:21:20,047 - INFO - Update id=570774508 is not handled. Duration 0 ms by bot id=7027029742
2024-03-18 12:21:20,752 - INFO - Update id=570774509 is not handled. Duration 0 ms by bot id=7027029742
2024-03-18 12:21:20,927 - INFO - Update id=570774510 is not handled. Duration 0 ms by bot id=7027029742
2024-03-18 12:22:51,296 - INFO - Polling stopped
2024-03-18 12:22:51,298 - INFO - Polling stopped for bot @username_2_id_bot id=7027029742 - 'Get user ID'
2024-03-18 12:22:55,062 - INFO - Start polling
2024-03-18 12:22:55,209 - INFO - Run polling for bot @username_2_id_bot id=7027029742 - 'Get user ID'
2024-03-18 12:22:58,571 - INFO - Update id=570774511 is not handled. Duration 0 ms by bot id=7027029742
2024-03-18 12:23:08,382 - INFO - Update id=570774512 is not handled. Duration 0 ms by bot id=7027029742
2024-03-18 12:23:08,971 - INFO - Update id=570774513 is not handled. Duration 0 ms by bot id=7027029742
2024-03-18 12:23:09,163 - INFO - Update id=570774514 is not handled. Duration 0 ms by bot id=7027029742
2024-03-18 12:23:09,355 - INFO - Update id=570774515 is not handled. Duration 0 ms by bot id=7027029742
2024-03-18 12:23:13,660 - INFO - Polling stopped
2024-03-18 12:23:13,660 - INFO - Polling stopped for bot @username_2_id_bot id=7027029742 - 'Get user ID'
2024-03-18 12:23:18,159 - INFO - Start polling
2024-03-18 12:23:18,280 - INFO - Run polling for bot @username_2_id_bot id=7027029742 - 'Get user ID'
2024-03-18 12:23:20,088 - INFO - Update id=570774516 is not handled. Duration 0 ms by bot id=7027029742
2024-03-18 12:23:20,734 - INFO - Update id=570774517 is not handled. Duration 0 ms by bot id=7027029742
2024-03-18 12:24:59,779 - INFO - Start polling
2024-03-18 12:24:59,894 - INFO - Run polling for bot @username_2_id_bot id=7027029742 - 'Get user ID'
2024-03-18 12:25:03,031 - INFO - Polling stopped
2024-03-18 12:25:03,034 - INFO - Polling stopped for bot @username_2_id_bot id=7027029742 - 'Get user ID'
2024-03-18 12:25:14,517 - INFO - Start polling
2024-03-18 12:25:14,677 - INFO - Run polling for bot @username_2_id_bot id=7027029742 - 'Get user ID'
2024-03-18 12:25:17,019 - INFO - Update id=570774518 is not handled. Duration 0 ms by bot id=7027029742
2024-03-18 12:25:19,033 - INFO - Update id=570774519 is not handled. Duration 16 ms by bot id=7027029742
2024-03-18 12:30:20,480 - INFO - Polling stopped
2024-03-18 12:30:20,480 - INFO - Polling stopped for bot @username_2_id_bot id=7027029742 - 'Get user ID'
2024-03-18 12:30:23,627 - INFO - Start polling
2024-03-18 12:30:23,774 - INFO - Run polling for bot @username_2_id_bot id=7027029742 - 'Get user ID'
2024-03-18 12:30:28,015 - INFO - Update id=570774520 is not handled. Duration 0 ms by bot id=7027029742
2024-03-18 12:30:29,173 - INFO - Update id=570774521 is not handled. Duration 0 ms by bot id=7027029742
2024-03-18 12:31:09,710 - INFO - Polling stopped
2024-03-18 12:31:09,715 - INFO - Polling stopped for bot @username_2_id_bot id=7027029742 - 'Get user ID'
2024-03-18 12:31:12,701 - INFO - Start polling
2024-03-18 12:31:12,820 - INFO - Run polling for bot @username_2_id_bot id=7027029742 - 'Get user ID'
2024-03-18 12:31:15,557 - INFO - Update id=570774522 is not handled. Duration 0 ms by bot id=7027029742
2024-03-18 12:31:16,916 - INFO - Update id=570774523 is not handled. Duration 0 ms by bot id=7027029742
2024-03-18 12:32:02,546 - INFO - Polling stopped
2024-03-18 12:32:02,550 - INFO - Polling stopped for bot @username_2_id_bot id=7027029742 - 'Get user ID'
2024-03-18 12:32:15,652 - INFO - Start polling
2024-03-18 12:32:15,785 - INFO - Run polling for bot @username_2_id_bot id=7027029742 - 'Get user ID'
2024-03-18 12:33:46,860 - INFO - Start polling
2024-03-18 12:33:46,980 - INFO - Run polling for bot @username_2_id_bot id=7027029742 - 'Get user ID'
2024-03-18 12:33:51,946 - INFO - Update id=570774524 is not handled. Duration 0 ms by bot id=7027029742
2024-03-18 12:33:53,612 - INFO - Update id=570774525 is not handled. Duration 0 ms by bot id=7027029742
2024-03-18 12:34:05,126 - INFO - Polling stopped
2024-03-18 12:34:05,126 - INFO - Polling stopped for bot @username_2_id_bot id=7027029742 - 'Get user ID'
2024-03-18 12:34:08,320 - INFO - Start polling
2024-03-18 12:34:08,441 - INFO - Run polling for bot @username_2_id_bot id=7027029742 - 'Get user ID'
2024-03-18 12:34:10,921 - INFO - Connected to the database: development
2024-03-18 12:34:10,931 - INFO - Cursor closed
2024-03-18 12:34:10,944 - INFO - Connection closed
2024-03-18 12:34:10,944 - INFO - Update id=570774526 is handled. Duration 203 ms by bot id=7027029742
2024-03-18 12:36:03,929 - INFO - Polling stopped
2024-03-18 12:36:03,930 - INFO - Polling stopped for bot @username_2_id_bot id=7027029742 - 'Get user ID'
2024-03-18 12:38:06,262 - INFO - Start polling
2024-03-18 12:38:06,405 - INFO - Run polling for bot @username_2_id_bot id=7027029742 - 'Get user ID'
2024-03-18 12:38:11,015 - INFO - Connected to the database: development
2024-03-18 12:38:11,017 - INFO - Cursor closed
2024-03-18 12:38:11,029 - INFO - Connection closed
2024-03-18 12:38:11,031 - INFO - Update id=570774527 is handled. Duration 202 ms by bot id=7027029742
2024-03-18 12:38:12,836 - INFO - Update id=570774528 is not handled. Duration 0 ms by bot id=7027029742
2024-03-18 12:38:49,466 - INFO - Polling stopped
2024-03-18 12:38:49,467 - INFO - Polling stopped for bot @username_2_id_bot id=7027029742 - 'Get user ID'
2024-03-18 12:39:54,791 - INFO - Start polling
2024-03-18 12:39:54,907 - INFO - Run polling for bot @username_2_id_bot id=7027029742 - 'Get user ID'
2024-03-18 12:39:58,785 - INFO - Update id=570774529 is handled. Duration 266 ms by bot id=7027029742
2024-03-18 12:40:00,794 - INFO - Connected to the database: development
2024-03-18 12:40:00,809 - INFO - Cursor closed
2024-03-18 12:40:00,824 - INFO - Connection closed
2024-03-18 12:40:00,824 - INFO - Update id=570774530 is handled. Duration 125 ms by bot id=7027029742
2024-03-18 12:51:39,221 - INFO - Polling stopped
2024-03-18 12:51:39,221 - INFO - Polling stopped for bot @username_2_id_bot id=7027029742 - 'Get user ID'
